# JRE version: OpenJDK Runtime Environment GraalVM CE 22.3.0 (17.0.5+8) (build 17.0.5+8-jvmci-22.3-b08)
# Java VM: OpenJDK 64-Bit Server VM GraalVM CE 22.3.0 (17.0.5+8-jvmci-22.3-b08, mixed mode, sharing, tiered, jvmci, jvmci compiler, compressed oops, compressed class ptrs, parallel gc, linux-amd64)
GC Precious Log:
 CPUs: 8 total, 1 available
 Memory: 1024M
 Large Page Support: Disabled
 NUMA Support: Disabled
 Compressed Oops: Enabled (32-bit)
 Alignments: Space 512K, Generation 512K, Heap 2M
 Heap Min Capacity: 100M
 Heap Initial Capacity: 100M
 Heap Max Capacity: 512M
 Pre-touch: Disabled
 Parallel Workers: 1
Heap:
 PSYoungGen      total 40448K, used 24575K [0x00000000f5580000, 0x00000000f8e00000, 0x0000000100000000)
  eden space 24576K, 99% used [0x00000000f5580000,0x00000000f6d7fff8,0x00000000f6d80000)
  from space 15872K, 0% used [0x00000000f7d80000,0x00000000f7d80000,0x00000000f8d00000)
  to   space 15872K, 0% used [0x00000000f6d80000,0x00000000f6d80000,0x00000000f7d00000)
 ParOldGen       total 349696K, used 349695K [0x00000000e0000000, 0x00000000f5580000, 0x00000000f5580000)
  object space 349696K, 99% used [0x00000000e0000000,0x00000000f557ffc0,0x00000000f5580000)
 Metaspace       used 53085K, committed 54080K, reserved 1097728K
  class space    used 6240K, committed 6656K, reserved 1048576K
GC Heap History (20 events):
Event: 742.087 GC heap before
{Heap before GC invocations=618 (full 482):
 PSYoungGen      total 40448K, used 24576K [0x00000000f5580000, 0x00000000f8e00000, 0x0000000100000000)
  eden space 24576K, 100% used [0x00000000f5580000,0x00000000f6d80000,0x00000000f6d80000)
  from space 15872K, 0% used [0x00000000f7d80000,0x00000000f7d80000,0x00000000f8d00000)
  to   space 15872K, 0% used [0x00000000f6d80000,0x00000000f6d80000,0x00000000f7d00000)
 ParOldGen       total 349696K, used 349695K [0x00000000e0000000, 0x00000000f5580000, 0x00000000f5580000)
  object space 349696K, 99% used [0x00000000e0000000,0x00000000f557ff60,0x00000000f5580000)
 Metaspace       used 53085K, committed 54080K, reserved 1097728K
  class space    used 6240K, committed 6656K, reserved 1048576K
}
Event: 743.378 GC heap after
{Heap after GC invocations=618 (full 482):
 PSYoungGen      total 40448K, used 24576K [0x00000000f5580000, 0x00000000f8e00000, 0x0000000100000000)
  eden space 24576K, 100% used [0x00000000f5580000,0x00000000f6d80000,0x00000000f6d80000)
  from space 15872K, 0% used [0x00000000f6d80000,0x00000000f6d80000,0x00000000f7d00000)
  to   space 15872K, 0% used [0x00000000f7d80000,0x00000000f7d80000,0x00000000f8d00000)
 ParOldGen       total 349696K, used 349695K [0x00000000e0000000, 0x00000000f5580000, 0x00000000f5580000)
  object space 349696K, 99% used [0x00000000e0000000,0x00000000f557ff60,0x00000000f5580000)
 Metaspace       used 53085K, committed 54080K, reserved 1097728K
  class space    used 6240K, committed 6656K, reserved 1048576K
}
Event: 743.378 GC heap before
{Heap before GC invocations=619 (full 483):
 PSYoungGen      total 40448K, used 24576K [0x00000000f5580000, 0x00000000f8e00000, 0x0000000100000000)
  eden space 24576K, 100% used [0x00000000f5580000,0x00000000f6d80000,0x00000000f6d80000)
  from space 15872K, 0% used [0x00000000f6d80000,0x00000000f6d80000,0x00000000f7d00000)
  to   space 15872K, 0% used [0x00000000f7d80000,0x00000000f7d80000,0x00000000f8d00000)
 ParOldGen       total 349696K, used 349695K [0x00000000e0000000, 0x00000000f5580000, 0x00000000f5580000)
  object space 349696K, 99% used [0x00000000e0000000,0x00000000f557ff60,0x00000000f5580000)
 Metaspace       used 53085K, committed 54080K, reserved 1097728K
  class space    used 6240K, committed 6656K, reserved 1048576K
}
Event: 744.755 GC heap after
{Heap after GC invocations=619 (full 483):
 PSYoungGen      total 40448K, used 24576K [0x00000000f5580000, 0x00000000f8e00000, 0x0000000100000000)
  eden space 24576K, 100% used [0x00000000f5580000,0x00000000f6d80000,0x00000000f6d80000)
  from space 15872K, 0% used [0x00000000f7d80000,0x00000000f7d80000,0x00000000f8d00000)
  to   space 15872K, 0% used [0x00000000f6d80000,0x00000000f6d80000,0x00000000f7d00000)
 ParOldGen       total 349696K, used 349695K [0x00000000e0000000, 0x00000000f5580000, 0x00000000f5580000)
  object space 349696K, 99% used [0x00000000e0000000,0x00000000f557ff60,0x00000000f5580000)
 Metaspace       used 53085K, committed 54080K, reserved 1097728K
  class space    used 6240K, committed 6656K, reserved 1048576K
}
Event: 744.755 GC heap before
{Heap before GC invocations=620 (full 484):
 PSYoungGen      total 40448K, used 24576K [0x00000000f5580000, 0x00000000f8e00000, 0x0000000100000000)
  eden space 24576K, 100% used [0x00000000f5580000,0x00000000f6d80000,0x00000000f6d80000)
  from space 15872K, 0% used [0x00000000f7d80000,0x00000000f7d80000,0x00000000f8d00000)
  to   space 15872K, 0% used [0x00000000f6d80000,0x00000000f6d80000,0x00000000f7d00000)
 ParOldGen       total 349696K, used 349695K [0x00000000e0000000, 0x00000000f5580000, 0x00000000f5580000)
  object space 349696K, 99% used [0x00000000e0000000,0x00000000f557ffe8,0x00000000f5580000)
 Metaspace       used 53085K, committed 54080K, reserved 1097728K
  class space    used 6240K, committed 6656K, reserved 1048576K
}
Event: 746.046 GC heap after
{Heap after GC invocations=620 (full 484):
 PSYoungGen      total 40448K, used 24575K [0x00000000f5580000, 0x00000000f8e00000, 0x0000000100000000)
  eden space 24576K, 99% used [0x00000000f5580000,0x00000000f6d7ff70,0x00000000f6d80000)
  from space 15872K, 0% used [0x00000000f6d80000,0x00000000f6d80000,0x00000000f7d00000)
  to   space 15872K, 0% used [0x00000000f7d80000,0x00000000f7d80000,0x00000000f8d00000)
 ParOldGen       total 349696K, used 349693K [0x00000000e0000000, 0x00000000f5580000, 0x00000000f5580000)
  object space 349696K, 99% used [0x00000000e0000000,0x00000000f557f5d0,0x00000000f5580000)
 Metaspace       used 53085K, committed 54080K, reserved 1097728K
  class space    used 6240K, committed 6656K, reserved 1048576K
}
Event: 746.046 GC heap before
{Heap before GC invocations=621 (full 485):
 PSYoungGen      total 40448K, used 24575K [0x00000000f5580000, 0x00000000f8e00000, 0x0000000100000000)
  eden space 24576K, 99% used [0x00000000f5580000,0x00000000f6d7fff0,0x00000000f6d80000)
  from space 15872K, 0% used [0x00000000f6d80000,0x00000000f6d80000,0x00000000f7d00000)
  to   space 15872K, 0% used [0x00000000f7d80000,0x00000000f7d80000,0x00000000f8d00000)
 ParOldGen       total 349696K, used 349693K [0x00000000e0000000, 0x00000000f5580000, 0x00000000f5580000)
  object space 349696K, 99% used [0x00000000e0000000,0x00000000f557f7a8,0x00000000f5580000)
 Metaspace       used 53085K, committed 54080K, reserved 1097728K
  class space    used 6240K, committed 6656K, reserved 1048576K
}
Event: 747.367 GC heap after
{Heap after GC invocations=621 (full 485):
 PSYoungGen      total 40448K, used 24575K [0x00000000f5580000, 0x00000000f8e00000, 0x0000000100000000)
  eden space 24576K, 99% used [0x00000000f5580000,0x00000000f6d7ff58,0x00000000f6d80000)
  from space 15872K, 0% used [0x00000000f7d80000,0x00000000f7d80000,0x00000000f8d00000)
  to   space 15872K, 0% used [0x00000000f6d80000,0x00000000f6d80000,0x00000000f7d00000)
 ParOldGen       total 349696K, used 349693K [0x00000000e0000000, 0x00000000f5580000, 0x00000000f5580000)
  object space 349696K, 99% used [0x00000000e0000000,0x00000000f557f788,0x00000000f5580000)
 Metaspace       used 53085K, committed 54080K, reserved 1097728K
  class space    used 6240K, committed 6656K, reserved 1048576K
}
Event: 747.367 GC heap before
{Heap before GC invocations=622 (full 486):
 PSYoungGen      total 40448K, used 24575K [0x00000000f5580000, 0x00000000f8e00000, 0x0000000100000000)
  eden space 24576K, 99% used [0x00000000f5580000,0x00000000f6d7ff58,0x00000000f6d80000)
  from space 15872K, 0% used [0x00000000f7d80000,0x00000000f7d80000,0x00000000f8d00000)
  to   space 15872K, 0% used [0x00000000f6d80000,0x00000000f6d80000,0x00000000f7d00000)
 ParOldGen       total 349696K, used 349693K [0x00000000e0000000, 0x00000000f5580000, 0x00000000f5580000)
  object space 349696K, 99% used [0x00000000e0000000,0x00000000f557f788,0x00000000f5580000)
 Metaspace       used 53085K, committed 54080K, reserved 1097728K
  class space    used 6240K, committed 6656K, reserved 1048576K
}
Event: 748.663 GC heap after
{Heap after GC invocations=622 (full 486):
 PSYoungGen      total 40448K, used 24575K [0x00000000f5580000, 0x00000000f8e00000, 0x0000000100000000)
  eden space 24576K, 99% used [0x00000000f5580000,0x00000000f6d7ff58,0x00000000f6d80000)
  from space 15872K, 0% used [0x00000000f6d80000,0x00000000f6d80000,0x00000000f7d00000)
  to   space 15872K, 0% used [0x00000000f7d80000,0x00000000f7d80000,0x00000000f8d00000)
 ParOldGen       total 349696K, used 349693K [0x00000000e0000000, 0x00000000f5580000, 0x00000000f5580000)
  object space 349696K, 99% used [0x00000000e0000000,0x00000000f557f788,0x00000000f5580000)
 Metaspace       used 53085K, committed 54080K, reserved 1097728K
  class space    used 6240K, committed 6656K, reserved 1048576K
}
Event: 748.663 GC heap before
{Heap before GC invocations=623 (full 487):
 PSYoungGen      total 40448K, used 24575K [0x00000000f5580000, 0x00000000f8e00000, 0x0000000100000000)
  eden space 24576K, 99% used [0x00000000f5580000,0x00000000f6d7fff8,0x00000000f6d80000)
  from space 15872K, 0% used [0x00000000f6d80000,0x00000000f6d80000,0x00000000f7d00000)
  to   space 15872K, 0% used [0x00000000f7d80000,0x00000000f7d80000,0x00000000f8d00000)
 ParOldGen       total 349696K, used 349695K [0x00000000e0000000, 0x00000000f5580000, 0x00000000f5580000)
  object space 349696K, 99% used [0x00000000e0000000,0x00000000f557fc30,0x00000000f5580000)
 Metaspace       used 53085K, committed 54080K, reserved 1097728K
  class space    used 6240K, committed 6656K, reserved 1048576K
}
Event: 750.084 GC heap after
{Heap after GC invocations=623 (full 487):
 PSYoungGen      total 40448K, used 24575K [0x00000000f5580000, 0x00000000f8e00000, 0x0000000100000000)
  eden space 24576K, 99% used [0x00000000f5580000,0x00000000f6d7ffb8,0x00000000f6d80000)
  from space 15872K, 0% used [0x00000000f7d80000,0x00000000f7d80000,0x00000000f8d00000)
  to   space 15872K, 0% used [0x00000000f6d80000,0x00000000f6d80000,0x00000000f7d00000)
 ParOldGen       total 349696K, used 349694K [0x00000000e0000000, 0x00000000f5580000, 0x00000000f5580000)
  object space 349696K, 99% used [0x00000000e0000000,0x00000000f557fa70,0x00000000f5580000)
 Metaspace       used 53085K, committed 54080K, reserved 1097728K
  class space    used 6240K, committed 6656K, reserved 1048576K
}
Event: 750.085 GC heap before
{Heap before GC invocations=624 (full 488):
 PSYoungGen      total 40448K, used 24575K [0x00000000f5580000, 0x00000000f8e00000, 0x0000000100000000)
  eden space 24576K, 99% used [0x00000000f5580000,0x00000000f6d7fff8,0x00000000f6d80000)
  from space 15872K, 0% used [0x00000000f7d80000,0x00000000f7d80000,0x00000000f8d00000)
  to   space 15872K, 0% used [0x00000000f6d80000,0x00000000f6d80000,0x00000000f7d00000)
 ParOldGen       total 349696K, used 349694K [0x00000000e0000000, 0x00000000f5580000, 0x00000000f5580000)
  object space 349696K, 99% used [0x00000000e0000000,0x00000000f557fa70,0x00000000f5580000)
 Metaspace       used 53085K, committed 54080K, reserved 1097728K
  class space    used 6240K, committed 6656K, reserved 1048576K
}
Event: 751.470 GC heap after
{Heap after GC invocations=624 (full 488):
 PSYoungGen      total 40448K, used 24575K [0x00000000f5580000, 0x00000000f8e00000, 0x0000000100000000)
  eden space 24576K, 99% used [0x00000000f5580000,0x00000000f6d7ffd8,0x00000000f6d80000)
  from space 15872K, 0% used [0x00000000f6d80000,0x00000000f6d80000,0x00000000f7d00000)
  to   space 15872K, 0% used [0x00000000f7d80000,0x00000000f7d80000,0x00000000f8d00000)
 ParOldGen       total 349696K, used 349694K [0x00000000e0000000, 0x00000000f5580000, 0x00000000f5580000)
  object space 349696K, 99% used [0x00000000e0000000,0x00000000f557fa70,0x00000000f5580000)
 Metaspace       used 53085K, committed 54080K, reserved 1097728K
  class space    used 6240K, committed 6656K, reserved 1048576K
}
Event: 751.470 GC heap before
{Heap before GC invocations=625 (full 489):
 PSYoungGen      total 40448K, used 24575K [0x00000000f5580000, 0x00000000f8e00000, 0x0000000100000000)
  eden space 24576K, 99% used [0x00000000f5580000,0x00000000f6d7fff0,0x00000000f6d80000)
  from space 15872K, 0% used [0x00000000f6d80000,0x00000000f6d80000,0x00000000f7d00000)
  to   space 15872K, 0% used [0x00000000f7d80000,0x00000000f7d80000,0x00000000f8d00000)
 ParOldGen       total 349696K, used 349694K [0x00000000e0000000, 0x00000000f5580000, 0x00000000f5580000)
  object space 349696K, 99% used [0x00000000e0000000,0x00000000f557fa70,0x00000000f5580000)
 Metaspace       used 53085K, committed 54080K, reserved 1097728K
  class space    used 6240K, committed 6656K, reserved 1048576K
}
Event: 752.878 GC heap after
{Heap after GC invocations=625 (full 489):
 PSYoungGen      total 40448K, used 24575K [0x00000000f5580000, 0x00000000f8e00000, 0x0000000100000000)
  eden space 24576K, 99% used [0x00000000f5580000,0x00000000f6d7ffd0,0x00000000f6d80000)
  from space 15872K, 0% used [0x00000000f7d80000,0x00000000f7d80000,0x00000000f8d00000)
  to   space 15872K, 0% used [0x00000000f6d80000,0x00000000f6d80000,0x00000000f7d00000)
 ParOldGen       total 349696K, used 349694K [0x00000000e0000000, 0x00000000f5580000, 0x00000000f5580000)
  object space 349696K, 99% used [0x00000000e0000000,0x00000000f557fa70,0x00000000f5580000)
 Metaspace       used 53085K, committed 54080K, reserved 1097728K
  class space    used 6240K, committed 6656K, reserved 1048576K
}
Event: 752.878 GC heap before
{Heap before GC invocations=626 (full 490):
 PSYoungGen      total 40448K, used 24575K [0x00000000f5580000, 0x00000000f8e00000, 0x0000000100000000)
  eden space 24576K, 99% used [0x00000000f5580000,0x00000000f6d7fff0,0x00000000f6d80000)
  from space 15872K, 0% used [0x00000000f7d80000,0x00000000f7d80000,0x00000000f8d00000)
  to   space 15872K, 0% used [0x00000000f6d80000,0x00000000f6d80000,0x00000000f7d00000)
 ParOldGen       total 349696K, used 349694K [0x00000000e0000000, 0x00000000f5580000, 0x00000000f5580000)
  object space 349696K, 99% used [0x00000000e0000000,0x00000000f557fad8,0x00000000f5580000)
 Metaspace       used 53085K, committed 54080K, reserved 1097728K
  class space    used 6240K, committed 6656K, reserved 1048576K
}
Event: 754.175 GC heap after
{Heap after GC invocations=626 (full 490):
 PSYoungGen      total 40448K, used 24575K [0x00000000f5580000, 0x00000000f8e00000, 0x0000000100000000)
  eden space 24576K, 99% used [0x00000000f5580000,0x00000000f6d7fff0,0x00000000f6d80000)
  from space 15872K, 0% used [0x00000000f6d80000,0x00000000f6d80000,0x00000000f7d00000)
  to   space 15872K, 0% used [0x00000000f7d80000,0x00000000f7d80000,0x00000000f8d00000)
 ParOldGen       total 349696K, used 349694K [0x00000000e0000000, 0x00000000f5580000, 0x00000000f5580000)
  object space 349696K, 99% used [0x00000000e0000000,0x00000000f557fad8,0x00000000f5580000)
 Metaspace       used 53085K, committed 54080K, reserved 1097728K
  class space    used 6240K, committed 6656K, reserved 1048576K
}
Event: 754.175 GC heap before
{Heap before GC invocations=627 (full 491):
 PSYoungGen      total 40448K, used 24575K [0x00000000f5580000, 0x00000000f8e00000, 0x0000000100000000)
  eden space 24576K, 99% used [0x00000000f5580000,0x00000000f6d7fff0,0x00000000f6d80000)
  from space 15872K, 0% used [0x00000000f6d80000,0x00000000f6d80000,0x00000000f7d00000)
  to   space 15872K, 0% used [0x00000000f7d80000,0x00000000f7d80000,0x00000000f8d00000)
 ParOldGen       total 349696K, used 349694K [0x00000000e0000000, 0x00000000f5580000, 0x00000000f5580000)
  object space 349696K, 99% used [0x00000000e0000000,0x00000000f557fad8,0x00000000f5580000)
 Metaspace       used 53085K, committed 54080K, reserved 1097728K
  class space    used 6240K, committed 6656K, reserved 1048576K
}
Event: 755.569 GC heap after
{Heap after GC invocations=627 (full 491):
 PSYoungGen      total 40448K, used 24575K [0x00000000f5580000, 0x00000000f8e00000, 0x0000000100000000)
  eden space 24576K, 99% used [0x00000000f5580000,0x00000000f6d7ffa8,0x00000000f6d80000)
  from space 15872K, 0% used [0x00000000f7d80000,0x00000000f7d80000,0x00000000f8d00000)
  to   space 15872K, 0% used [0x00000000f6d80000,0x00000000f6d80000,0x00000000f7d00000)
 ParOldGen       total 349696K, used 349694K [0x00000000e0000000, 0x00000000f5580000, 0x00000000f5580000)
  object space 349696K, 99% used [0x00000000e0000000,0x00000000f557fa40,0x00000000f5580000)
 Metaspace       used 53085K, committed 54080K, reserved 1097728K
  class space    used 6240K, committed 6656K, reserved 1048576K
}

